[2025-11-10 13:22:03] ext.SaveAs PNG: ok=True, err=0, warn=0, fileExists=True
[2025-11-10 13:23:38] ext.SaveAs PNG: ok=True, err=0, warn=0, fileExists=True
[2025-11-10 13:26:43] ext.SaveAs PNG: ok=True, err=0, warn=0, fileExists=True
[2025-11-10 13:26:59] ext.SaveAs PNG: ok=True, err=0, warn=0, fileExists=True
[2025-11-10 13:38:54] ext.SaveAs PNG: ok=True, err=0, warn=0, fileExists=True
[2025-11-10 16:44:18] ext.SaveAs PNG: ok=True, err=0, warn=0, fileExists=True
[2025-11-10 16:47:03] ext.SaveAs PNG: ok=True, err=0, warn=0, fileExists=True
[2025-11-10 16:47:27] ext.SaveAs PNG: ok=True, err=0, warn=0, fileExists=True
[2025-11-10 16:48:18] ext.SaveAs PNG: ok=True, err=0, warn=0, fileExists=True
[2025-11-10 16:51:03] ext.SaveAs PNG: ok=True, err=0, warn=0, fileExists=True
[2025-11-10 16:53:09] ext.SaveAs PNG: ok=True, err=0, warn=0, fileExists=True
[2025-11-10 16:55:31] ext.SaveAs PNG: ok=True, err=0, warn=0, fileExists=True
[2025-11-10 16:56:20] ext.SaveAs PNG: ok=True, err=0, warn=0, fileExists=True
[2025-11-10 16:59:06] ext.SaveAs PNG: ok=True, err=0, warn=0, fileExists=True
[2025-11-10 16:59:11] ext.SaveAs PNG: ok=True, err=0, warn=0, fileExists=True
[2025-11-10 17:21:27] ext.SaveAs PNG: ok=True, err=0, warn=0, fileExists=True
[2025-11-10 17:25:21] ext.SaveAs PNG: ok=True, err=0, warn=0, fileExists=True
[2025-11-10 17:25:28] ext.SaveAs PNG: ok=True, err=0, warn=0, fileExists=True
[2025-11-10 17:27:19] ext.SaveAs PNG: ok=True, err=0, warn=0, fileExists=True
[2025-11-10 17:27:21] ext.SaveAs PNG: ok=True, err=0, warn=0, fileExists=True
[2025-11-10 17:28:27] ext.SaveAs PNG: ok=True, err=0, warn=0, fileExists=True
[2025-11-10 17:29:48] ext.SaveAs PNG: ok=True, err=0, warn=0, fileExists=True
[2025-11-10 17:33:18] ext.SaveAs PNG: ok=True, err=0, warn=0, fileExists=True
[2025-11-10 19:30:14] ext.SaveAs PNG: ok=True, err=0, warn=0, fileExists=True
[2025-11-10 19:30:45] ext.SaveAs PNG: ok=True, err=0, warn=0, fileExists=True
[2025-11-10 19:43:23] ext.SaveAs PNG: ok=True, err=0, warn=0, fileExists=True
[2025-11-10 19:43:57] ext.SaveAs PNG: ok=True, err=0, warn=0, fileExists=True
[2025-11-10 19:53:48] ext.SaveAs PNG: ok=True, err=0, warn=0, fileExists=True
[2025-11-10 19:55:01] ext.SaveAs PNG: ok=True, err=0, warn=0, fileExists=True
[2025-11-10 19:55:29] ext.SaveAs PNG: ok=True, err=0, warn=0, fileExists=True
[2025-11-10 19:58:28] ext.SaveAs PNG: ok=True, err=0, warn=0, fileExists=True
[2025-11-10 20:08:12] ext.SaveAs PNG: ok=True, err=0, warn=0, fileExists=True
[2025-11-10 21:12:01] ext.SaveAs PNG: ok=True, err=0, warn=0, fileExists=True
[2025-11-10 21:12:39] ext.SaveAs PNG: ok=True, err=0, warn=0, fileExists=True
[2025-11-10 21:15:03] ext.SaveAs PNG: ok=True, err=0, warn=0, fileExists=True
[2025-11-10 21:25:54] ext.SaveAs PNG: ok=True, err=0, warn=0, fileExists=True
[2025-11-10 21:26:50] ext.SaveAs PNG: ok=True, err=0, warn=0, fileExists=True
[2025-11-10 21:34:42] ext.SaveAs PNG: ok=True, err=0, warn=0, fileExists=True
[2025-11-10 21:38:18] ext.SaveAs PNG: ok=True, err=0, warn=0, fileExists=True
[2025-11-10 21:38:26] ext.SaveAs PNG: ok=True, err=0, warn=0, fileExists=True
[2025-11-10 21:38:36] ext.SaveAs PNG: ok=True, err=0, warn=0, fileExists=True
[2025-11-10 21:41:16] ext.SaveAs PNG: ok=True, err=0, warn=0, fileExists=True
[2025-11-10 21:41:19] ext.SaveAs PNG: ok=True, err=0, warn=0, fileExists=True
[2025-11-10 21:41:22] ext.SaveAs PNG: ok=True, err=0, warn=0, fileExists=True
[2025-11-10 21:41:49] ext.SaveAs PNG: ok=True, err=0, warn=0, fileExists=True
[2025-11-10 21:43:59] ext.SaveAs PNG: ok=True, err=0, warn=0, fileExists=True
[2025-11-10 21:47:36] ext.SaveAs PNG: ok=True, err=0, warn=0, fileExists=True
[2025-11-10 21:49:16] System.Runtime.InteropServices.COMException (0x80010105): The server threw an exception. (0x80010105 (RPC_E_SERVERFAULT))
   at SolidWorks.Interop.sldworks.ISldWorks.OpenDoc6(String FileName, Int32 Type, Int32 Options, String Configuration, Int32& Errors, Int32& Warnings)
   at SwMassPropsJson.Program.Main(String[] args) in C:\Users\Jack\source\repos\SwExtractor\SwExtractor\Program.cs:line 57
[2025-11-10 21:49:18] ext.SaveAs PNG: ok=True, err=0, warn=0, fileExists=True
[2025-11-10 21:58:53] System.Runtime.InteropServices.COMException (0x800706BE): The remote procedure call failed. (0x800706BE)
   at SolidWorks.Interop.sldworks.ISldWorks.OpenDoc6(String FileName, Int32 Type, Int32 Options, String Configuration, Int32& Errors, Int32& Warnings)
   at SwMassPropsJson.Program.Main(String[] args) in C:\Users\Jack\source\repos\SwExtractor\SwExtractor\Program.cs:line 57
[2025-11-10 21:59:39] ext.SaveAs PNG: ok=True, err=0, warn=0, fileExists=True
[2025-11-10 22:00:20] ext.SaveAs PNG: ok=True, err=0, warn=0, fileExists=True
[2025-11-10 22:01:28] ext.SaveAs PNG: ok=True, err=0, warn=0, fileExists=True
[2025-11-10 22:01:58] ext.SaveAs PNG: ok=True, err=0, warn=0, fileExists=True
[2025-11-10 23:04:53] ext.SaveAs PNG: ok=True, err=0, warn=0, fileExists=True
[2025-11-10 23:05:00] ext.SaveAs PNG: ok=True, err=0, warn=0, fileExists=True
[2025-11-10 23:09:16] ext.SaveAs PNG: ok=True, err=0, warn=0, fileExists=True
[2025-11-10 23:09:32] ext.SaveAs PNG: ok=True, err=0, warn=0, fileExists=True
[2025-11-10 23:44:28] ext.SaveAs PNG: ok=True, err=0, warn=0, fileExists=True
